<?xml version="1.0" encoding="UTF-8"?>
<testng-results skipped="0" failed="0" total="2" passed="2">
  <reporter-output>
  </reporter-output>
  <suite name="Default suite" duration-ms="25259" started-at="2016-11-13T06:31:02Z" finished-at="2016-11-13T06:31:27Z">
    <groups>
    </groups>
    <test name="Default test" duration-ms="25259" started-at="2016-11-13T06:31:02Z" finished-at="2016-11-13T06:31:27Z">
      <class name="day9.LearnDataProvider">
        <test-method status="PASS" signature="IntializeBrowser()[pri:0, instance:day9.LearnDataProvider@1b8b810]" name="IntializeBrowser" is-config="true" duration-ms="6518" started-at="2016-11-13T12:01:02Z" finished-at="2016-11-13T12:01:09Z">
          <reporter-output>
          </reporter-output>
        </test-method> <!-- IntializeBrowser -->
        <test-method status="PASS" signature="googlesearch(java.lang.String, java.lang.String)[pri:0, instance:day9.LearnDataProvider@1b8b810]" name="googlesearch" duration-ms="5562" started-at="2016-11-13T12:01:09Z" data-provider="DP1" finished-at="2016-11-13T12:01:14Z">
          <params>
            <param index="0">
              <value>
                <![CDATA[http://google.com]]>
              </value>
            </param>
            <param index="1">
              <value>
                <![CDATA[sachin]]>
              </value>
            </param>
          </params>
          <reporter-output>
          </reporter-output>
        </test-method> <!-- googlesearch -->
        <test-method status="PASS" signature="tearDown()[pri:0, instance:day9.LearnDataProvider@1b8b810]" name="tearDown" is-config="true" duration-ms="16" started-at="2016-11-13T12:01:14Z" finished-at="2016-11-13T12:01:14Z">
          <reporter-output>
          </reporter-output>
        </test-method> <!-- tearDown -->
        <test-method status="PASS" signature="IntializeBrowser()[pri:0, instance:day9.LearnDataProvider@1b8b810]" name="IntializeBrowser" is-config="true" duration-ms="7063" started-at="2016-11-13T12:01:14Z" finished-at="2016-11-13T12:01:21Z">
          <reporter-output>
          </reporter-output>
        </test-method> <!-- IntializeBrowser -->
        <test-method status="PASS" signature="googlesearch(java.lang.String, java.lang.String)[pri:0, instance:day9.LearnDataProvider@1b8b810]" name="googlesearch" duration-ms="6069" started-at="2016-11-13T12:01:21Z" data-provider="DP1" finished-at="2016-11-13T12:01:27Z">
          <params>
            <param index="0">
              <value>
                <![CDATA[http://google.com]]>
              </value>
            </param>
            <param index="1">
              <value>
                <![CDATA[sehwag]]>
              </value>
            </param>
          </params>
          <reporter-output>
          </reporter-output>
        </test-method> <!-- googlesearch -->
        <test-method status="PASS" signature="tearDown()[pri:0, instance:day9.LearnDataProvider@1b8b810]" name="tearDown" is-config="true" duration-ms="15" started-at="2016-11-13T12:01:27Z" finished-at="2016-11-13T12:01:27Z">
          <reporter-output>
          </reporter-output>
        </test-method> <!-- tearDown -->
      </class> <!-- day9.LearnDataProvider -->
    </test> <!-- Default test -->
  </suite> <!-- Default suite -->
</testng-results>
